2024-08-22 17:20:20,994 - root - INFO - Logging is set up.
2024-08-22 17:20:21,034 - root - INFO - Logging is set up.
2024-08-22 17:20:21,034 - root - INFO - Searching for Telegram executable...
2024-08-22 17:20:21,037 - root - INFO - Found Telegram at C:\Users\hsa\AppData\Roaming\Telegram Desktop\Telegram.exe
2024-08-22 17:20:21,037 - root - INFO - Launching Telegram from C:\Users\hsa\AppData\Roaming\Telegram Desktop\Telegram.exe
2024-08-22 17:20:21,214 - root - INFO - Opening Telegram chat with bot: OKX_official_bot
2024-08-22 17:24:14,775 - root - INFO - Logging is set up.
2024-08-22 17:24:14,805 - root - INFO - Logging is set up.
2024-08-22 17:24:14,805 - root - INFO - Searching for Telegram executable...
2024-08-22 17:24:14,805 - root - INFO - Found Telegram at C:\Users\hsa\AppData\Roaming\Telegram Desktop\Telegram.exe
2024-08-22 17:24:14,836 - root - INFO - Launching Telegram from C:\Users\hsa\AppData\Roaming\Telegram Desktop\Telegram.exe
2024-08-22 17:24:15,018 - root - INFO - Opening Telegram chat with bot: OKX_official_bot
2024-08-22 17:33:39,191 - root - INFO - Logging is set up.
2024-08-22 17:33:39,222 - root - INFO - Logging is set up.
2024-08-22 17:33:39,222 - root - INFO - Searching for Telegram executable...
2024-08-22 17:33:39,239 - root - INFO - Found Telegram at C:\Users\hsa\AppData\Roaming\Telegram Desktop\Telegram.exe
2024-08-22 17:33:39,239 - root - INFO - Launching Telegram from C:\Users\hsa\AppData\Roaming\Telegram Desktop\Telegram.exe
2024-08-22 17:33:39,418 - root - INFO - Opening Telegram chat with bot: OKX_official_bot
2024-08-22 17:48:59,572 - root - INFO - Logging is set up.
2024-08-22 17:48:59,617 - root - INFO - Logging is set up.
2024-08-22 17:48:59,617 - root - INFO - Searching for Telegram executable...
2024-08-22 17:48:59,619 - root - INFO - Found Telegram at C:\Users\hsa\AppData\Roaming\Telegram Desktop\Telegram.exe
2024-08-22 17:48:59,619 - root - INFO - Launching Telegram from C:\Users\hsa\AppData\Roaming\Telegram Desktop\Telegram.exe
2024-08-22 17:48:59,716 - root - INFO - Opening Telegram chat with bot: @kolo
2024-08-22 17:49:35,006 - root - INFO - Logging is set up.
2024-08-22 17:49:35,024 - root - INFO - Logging is set up.
2024-08-22 17:49:35,024 - root - INFO - Searching for Telegram executable...
2024-08-22 17:49:35,026 - root - INFO - Found Telegram at C:\Users\hsa\AppData\Roaming\Telegram Desktop\Telegram.exe
2024-08-22 17:49:35,026 - root - INFO - Launching Telegram from C:\Users\hsa\AppData\Roaming\Telegram Desktop\Telegram.exe
2024-08-22 17:49:35,096 - root - INFO - Opening Telegram chat with bot: kolo
